<?xml version="1.0" encoding="UTF-8"?>
<!-- Generated by org.testng.reporters.JUnitReportReporter -->
<testsuite hostname="DESKTOP-CKQHCAE" failures="0" tests="4" name="kohlarTestNG.Grouping" time="0.015" errors="0" timestamp="2024-10-28T21:23:28 IST" skipped="0">
  <testcase classname="kohlarTestNG.Grouping" name="verify" time="0.003"/>
  <system-out/>
  <testcase classname="kohlarTestNG.Grouping" name="Login" time="0.010"/>
  <system-out/>
  <testcase classname="kohlarTestNG.Grouping" name="search" time="0.001"/>
  <system-out/>
  <testcase classname="kohlarTestNG.Grouping" name="found" time="0.001"/>
  <system-out/>
</testsuite> <!-- kohlarTestNG.Grouping -->
