<?xml version="1.0" encoding="UTF-8"?>
<!-- Generated by org.testng.reporters.JUnitReportReporter -->
<testsuite hostname="DESKTOP-CKQHCAE" failures="0" tests="3" name="practice.IncludeExclude" time="0.009" errors="0" timestamp="2024-07-09T20:54:52 IST" skipped="1">
  <testcase classname="practice.IncludeExclude" name="mobilepersonalloan" time="0.001"/>
  <system-out/>
  <testcase classname="practice.IncludeExclude" name="APIpersonalLoan" time="0.008"/>
  <system-out/>
  <testcase classname="practice.IncludeExclude" name="webpersonalloan">
    <skipped/>
  </testcase> <!-- webpersonalloan -->
  <system-out/>
</testsuite> <!-- practice.IncludeExclude -->
