<?xml version="1.0" encoding="UTF-8"?>
<!-- Generated by org.testng.reporters.JUnitReportReporter -->
<testsuite hostname="DESKTOP-CKQHCAE" failures="0" tests="3" name="testNG.ParrallelTest" time="0.222" errors="0" timestamp="2024-10-22T12:30:00 IST" skipped="0">
  <testcase classname="testNG.ParrallelTest" name="testlogo" time="0.178"/>
  <system-out/>
  <testcase classname="testNG.ParrallelTest" name="testtitle" time="0.023"/>
  <system-out/>
  <testcase classname="testNG.ParrallelTest" name="testurl" time="0.021"/>
  <system-out/>
</testsuite> <!-- testNG.ParrallelTest -->
