<?xml version="1.0" encoding="UTF-8"?>
<!-- Generated by org.testng.reporters.JUnitReportReporter -->
<testsuite hostname="DESKTOP-CKQHCAE" failures="0" tests="2" name="practice.GroupsTestcases" time="0.009" errors="0" timestamp="2024-07-09T20:41:57 IST" skipped="0">
  <testcase classname="practice.GroupsTestcases" name="demo3" time="0.008"/>
  <system-out/>
  <testcase classname="practice.GroupsTestcases" name="demo4" time="0.001"/>
  <system-out/>
</testsuite> <!-- practice.GroupsTestcases -->
