<?xml version="1.0" encoding="UTF-8"?>
<!-- Generated by org.testng.reporters.JUnitReportReporter -->
<testsuite hostname="DESKTOP-CKQHCAE" failures="0" tests="1" name="infosystestNGPractice.Parallel2" time="0.511" errors="0" timestamp="2024-10-23T10:44:22 IST" skipped="0">
  <testcase classname="infosystestNGPractice.Parallel2" name="gettitle" time="0.511"/>
  <system-out/>
</testsuite> <!-- infosystestNGPractice.Parallel2 -->
