<?xml version="1.0" encoding="UTF-8"?>
<!-- Generated by org.testng.reporters.JUnitReportReporter -->
<testsuite hostname="DESKTOP-CKQHCAE" failures="0" tests="1" name="infosystestNGPractice.DataProvider" time="0.010" errors="0" timestamp="2024-10-23T11:23:38 IST" skipped="0">
  <testcase classname="infosystestNGPractice.DataProvider" name="login" time="0.010"/>
  <system-out/>
</testsuite> <!-- infosystestNGPractice.DataProvider -->
