<?xml version="1.0" encoding="UTF-8"?>
<!-- Generated by org.testng.reporters.JUnitReportReporter -->
<testsuite hostname="DESKTOP-CKQHCAE" failures="0" tests="2" name="practice.Annotations" time="0.007" errors="0" timestamp="2024-07-09T15:16:50 IST" skipped="0">
  <testcase classname="practice.Annotations" name="test2" time="0.001"/>
  <system-out/>
  <testcase classname="practice.Annotations" name="test1" time="0.006"/>
  <system-out/>
</testsuite> <!-- practice.Annotations -->
