<?xml version="1.0" encoding="UTF-8"?>
<!-- Generated by org.testng.reporters.JUnitReportReporter -->
<testsuite hostname="DESKTOP-CKQHCAE" failures="0" tests="1" name="infosys.Demo" time="0.030" errors="0" timestamp="2024-10-24T14:03:18 IST" skipped="0">
  <testcase classname="infosys.Demo" name="login" time="0.030"/>
  <system-out/>
</testsuite> <!-- infosys.Demo -->
