<?xml version="1.0" encoding="UTF-8"?>
<!-- Generated by org.testng.reporters.JUnitReportReporter -->
<testsuite hostname="DESKTOP-CKQHCAE" failures="0" tests="2" name="practice.Demo2" time="0.031" errors="0" timestamp="2024-07-08T16:31:50 IST" skipped="0">
  <testcase classname="practice.Demo2" name="test1" time="0.028"/>
  <system-out/>
  <testcase classname="practice.Demo2" name="test2" time="0.003"/>
  <system-out/>
</testsuite> <!-- practice.Demo2 -->
