<?xml version="1.0" encoding="UTF-8"?>
<!-- Generated by org.testng.reporters.JUnitReportReporter -->
<testsuite hostname="DESKTOP-CKQHCAE" failures="0" tests="2" name="practice.Parameterdemo1" time="0.032" errors="0" timestamp="2024-07-09T22:10:58 IST" skipped="0">
  <testcase classname="practice.Parameterdemo1" name="multification" time="0.003"/>
  <system-out/>
  <testcase classname="practice.Parameterdemo1" name="add" time="0.029"/>
  <system-out/>
</testsuite> <!-- practice.Parameterdemo1 -->
