<?xml version="1.0" encoding="UTF-8"?>
<!-- Generated by org.testng.reporters.JUnitReportReporter -->
<testsuite hostname="DESKTOP-CKQHCAE" failures="0" tests="1" name="pppppom.LoginWithoutPOM" time="9.664" errors="0" timestamp="2024-12-03T18:16:34 IST" skipped="0">
  <testcase classname="pppppom.LoginWithoutPOM" name="login" time="9.664"/>
  <system-out/>
</testsuite> <!-- pppppom.LoginWithoutPOM -->
