<?xml version="1.0" encoding="UTF-8"?>
<!-- Generated by org.testng.reporters.JUnitReportReporter -->
<testsuite hostname="DESKTOP-CKQHCAE" failures="0" tests="2" name="infosystestNGPractice.DataProviderDemo" time="3.090" errors="0" timestamp="2024-11-05T23:15:22 IST" skipped="0">
  <testcase classname="infosystestNGPractice.DataProviderDemo" name="login" time="2.403"/>
  <system-out/>
  <testcase classname="infosystestNGPractice.DataProviderDemo" name="login" time="0.687"/>
  <system-out/>
</testsuite> <!-- infosystestNGPractice.DataProviderDemo -->
