<?xml version="1.0" encoding="UTF-8"?>
<!-- Generated by org.testng.reporters.JUnitReportReporter -->
<testsuite hostname="DESKTOP-CKQHCAE" failures="0" tests="3" name="infosystestNGPractice.GroupingTests" time="0.006" errors="0" timestamp="2024-10-28T20:53:39 IST" skipped="0">
  <testcase classname="infosystestNGPractice.GroupingTests" name="verifytitle" time="0.001"/>
  <system-out/>
  <testcase classname="infosystestNGPractice.GroupingTests" name="verifytitle" time="0.004"/>
  <system-out/>
  <testcase classname="infosystestNGPractice.GroupingTests" name="login" time="0.001"/>
  <system-out/>
</testsuite> <!-- infosystestNGPractice.GroupingTests -->
