<?xml version="1.0" encoding="UTF-8"?>
<!-- Generated by org.testng.reporters.JUnitReportReporter -->
<testsuite hostname="DESKTOP-CKQHCAE" failures="0" tests="2" name="day4TestNg.Grouping" time="0.004" errors="0" timestamp="2024-11-05T23:02:01 IST" skipped="0">
  <testcase classname="day4TestNg.Grouping" name="login" time="0.002"/>
  <system-out/>
  <testcase classname="day4TestNg.Grouping" name="verify" time="0.002"/>
  <system-out/>
</testsuite> <!-- day4TestNg.Grouping -->
