<?xml version="1.0" encoding="UTF-8"?>
<!-- Generated by org.testng.reporters.JUnitReportReporter -->
<testsuite hostname="DESKTOP-CKQHCAE" failures="0" tests="2" name="infosystestNGPractice.Annotaions" time="0.012" errors="0" timestamp="2024-10-23T09:56:30 IST" skipped="0">
  <testcase classname="infosystestNGPractice.Annotaions" name="verifytitle" time="0.010"/>
  <system-out/>
  <testcase classname="infosystestNGPractice.Annotaions" name="login" time="0.002"/>
  <system-out/>
</testsuite> <!-- infosystestNGPractice.Annotaions -->
