<?xml version="1.0" encoding="UTF-8"?>
<!-- Generated by org.testng.reporters.JUnitReportReporter -->
<testsuite hostname="DESKTOP-CKQHCAE" failures="0" tests="3" name="practice.ProviderDemo1" time="24.595" errors="0" timestamp="2024-07-10T15:03:38 IST" skipped="0">
  <testcase classname="practice.ProviderDemo1" name="search" time="9.594"/>
  <system-out/>
  <testcase classname="practice.ProviderDemo1" name="search" time="8.095"/>
  <system-out/>
  <testcase classname="practice.ProviderDemo1" name="search" time="6.906"/>
  <system-out/>
</testsuite> <!-- practice.ProviderDemo1 -->
