<?xml version="1.0" encoding="UTF-8"?>
<!-- Generated by org.testng.reporters.JUnitReportReporter -->
<testsuite hostname="DESKTOP-CKQHCAE" failures="0" tests="2" name="practice.Demo" time="0.003" errors="0" timestamp="2024-07-08T16:31:50 IST" skipped="0">
  <testcase classname="practice.Demo" name="test1" time="0.002"/>
  <system-out/>
  <testcase classname="practice.Demo" name="test2" time="0.001"/>
  <system-out/>
</testsuite> <!-- practice.Demo -->
