<?xml version="1.0" encoding="UTF-8"?>
<!-- Generated by org.testng.reporters.JUnitReportReporter -->
<testsuite hostname="DESKTOP-CKQHCAE" failures="0" tests="1" name="day4TestNg.Assert" time="7.105" errors="0" timestamp="2024-11-05T23:30:12 IST" skipped="0">
  <testcase classname="day4TestNg.Assert" name="logo" time="7.105"/>
  <system-out/>
</testsuite> <!-- day4TestNg.Assert -->
