<?xml version="1.0" encoding="UTF-8"?>
<!-- Generated by org.testng.reporters.JUnitReportReporter -->
<testsuite hostname="DESKTOP-CKQHCAE" failures="0" tests="1" name="kohlerPOM.LoginTestPageFactory" time="0.503" errors="0" timestamp="2024-10-27T00:56:03 IST" skipped="0">
  <testcase classname="kohlerPOM.LoginTestPageFactory" name="testlogin" time="0.503"/>
  <system-out/>
</testsuite> <!-- kohlerPOM.LoginTestPageFactory -->
