<?xml version="1.0" encoding="UTF-8"?>
<!-- Generated by org.testng.reporters.JUnitReportReporter -->
<testsuite hostname="DESKTOP-CKQHCAE" failures="0" tests="2" name="kohlarTestNG.Annotations" time="1.220" errors="0" timestamp="2024-10-28T20:12:29 IST" skipped="0">
  <testcase classname="kohlarTestNG.Annotations" name="search" time="1.074"/>
  <system-out/>
  <testcase classname="kohlarTestNG.Annotations" name="verify" time="0.146"/>
  <system-out/>
</testsuite> <!-- kohlarTestNG.Annotations -->
