<?xml version="1.0" encoding="UTF-8"?>
<!-- Generated by org.testng.reporters.JUnitReportReporter -->
<testsuite hostname="DESKTOP-CKQHCAE" failures="0" tests="1" name="practice.Parallel2" time="10.642" errors="0" timestamp="2024-10-22T11:18:45 IST" skipped="0">
  <testcase classname="practice.Parallel2" name="launch" time="10.642"/>
  <system-out/>
</testsuite> <!-- practice.Parallel2 -->
