<?xml version="1.0" encoding="UTF-8"?>
<!-- Generated by org.testng.reporters.JUnitReportReporter -->
<testsuite hostname="DESKTOP-CKQHCAE" failures="0" tests="1" name="kohlarTestNG.DataProvider" time="9.140" errors="0" timestamp="2024-10-28T21:03:01 IST" skipped="0">
  <testcase classname="kohlarTestNG.DataProvider" name="setup" time="9.140"/>
  <system-out/>
</testsuite> <!-- kohlarTestNG.DataProvider -->
