<?xml version="1.0" encoding="UTF-8"?>
<!-- Generated by org.testng.reporters.JUnitReportReporter -->
<testsuite hostname="DESKTOP-CKQHCAE" failures="0" tests="1" name="infosystestNGPractice.Group1" time="0.021" errors="0" timestamp="2024-10-23T10:16:49 IST" skipped="0">
  <testcase classname="infosystestNGPractice.Group1" name="login" time="0.021"/>
  <system-out/>
</testsuite> <!-- infosystestNGPractice.Group1 -->
