<?xml version="1.0" encoding="UTF-8"?>
<!-- Generated by org.testng.reporters.JUnitReportReporter -->
<testsuite hostname="DESKTOP-CKQHCAE" failures="0" tests="1" name="infosystestNGPractice.ParallelTesting" time="0.059" errors="0" timestamp="2024-10-23T10:56:29 IST" skipped="0">
  <testcase classname="infosystestNGPractice.ParallelTesting" name="gettitle" time="0.059"/>
  <system-out/>
</testsuite> <!-- infosystestNGPractice.ParallelTesting -->
