<?xml version="1.0" encoding="UTF-8"?>
<!-- Generated by org.testng.reporters.JUnitReportReporter -->
<testsuite hostname="DESKTOP-CKQHCAE" failures="0" tests="1" name="seleniumCompany.Annotations" time="0.019" errors="0" timestamp="2024-11-19T10:18:05 IST" skipped="0">
  <testcase classname="seleniumCompany.Annotations" name="login" time="0.019"/>
  <system-out/>
</testsuite> <!-- seleniumCompany.Annotations -->
