<?xml version="1.0" encoding="UTF-8"?>
<!-- Generated by org.testng.reporters.JUnitReportReporter -->
<testsuite hostname="DESKTOP-CKQHCAE" failures="0" tests="4" name="kohlarTestNG.Group1" time="0.016" errors="0" timestamp="2024-10-28T21:23:28 IST" skipped="0">
  <testcase classname="kohlarTestNG.Group1" name="search" time="0.002"/>
  <system-out/>
  <testcase classname="kohlarTestNG.Group1" name="verify" time="0.002"/>
  <system-out/>
  <testcase classname="kohlarTestNG.Group1" name="Login" time="0.011"/>
  <system-out/>
  <testcase classname="kohlarTestNG.Group1" name="found" time="0.001"/>
  <system-out/>
</testsuite> <!-- kohlarTestNG.Group1 -->
