<?xml version="1.0" encoding="UTF-8"?>
<!-- Generated by org.testng.reporters.JUnitReportReporter -->
<testsuite hostname="DESKTOP-CKQHCAE" failures="0" tests="3" name="practice.Attributes" time="0.013" errors="0" timestamp="2024-07-09T20:17:13 IST" skipped="0">
  <testcase classname="practice.Attributes" name="testcase3" time="0.002"/>
  <system-out/>
  <testcase classname="practice.Attributes" name="testcase1" time="0.009"/>
  <system-out/>
  <testcase classname="practice.Attributes" name="testcase2" time="0.002"/>
  <system-out/>
</testsuite> <!-- practice.Attributes -->
