<?xml version="1.0" encoding="UTF-8"?>
<!-- Generated by org.testng.reporters.JUnitReportReporter -->
<testsuite hostname="DESKTOP-CKQHCAE" failures="0" tests="1" name="practice.TestNgDemo" time="4.751" errors="0" timestamp="2024-08-21T21:51:21 IST" skipped="0">
  <testcase classname="practice.TestNgDemo" name="verifyPageTitle" time="4.751"/>
  <system-out/>
</testsuite> <!-- practice.TestNgDemo -->
