<?xml version="1.0" encoding="UTF-8"?>
<!-- Generated by org.testng.reporters.JUnitReportReporter -->
<testsuite hostname="DESKTOP-CKQHCAE" failures="0" tests="1" name="pppppom.LoginWithPOM" time="7.469" errors="0" timestamp="2024-12-03T18:59:31 IST" skipped="0">
  <testcase classname="pppppom.LoginWithPOM" name="login" time="7.469"/>
  <system-out/>
</testsuite> <!-- pppppom.LoginWithPOM -->
