<?xml version="1.0" encoding="UTF-8"?>
<!-- Generated by org.testng.reporters.JUnitReportReporter -->
<testsuite hostname="DESKTOP-CKQHCAE" failures="0" tests="2" name="practice.Parrellel1" time="16.984" errors="0" timestamp="2024-10-22T11:18:45 IST" skipped="0">
  <testcase classname="practice.Parrellel1" name="LagoVerify" time="9.981"/>
  <system-out/>
  <testcase classname="practice.Parrellel1" name="Launch" time="7.003"/>
  <system-out/>
</testsuite> <!-- practice.Parrellel1 -->
